<?xml version="1.0" encoding="UTF-8"?>
<!-- Generated by org.testng.reporters.JUnitXMLReporter -->
<testsuite ignored="0" hostname="Suganyas-Mac-mini.local" failures="0" tests="6" name="Default test" time="15.836" errors="0" timestamp="2024-07-22T15:38:29 IST">
  <testcase classname="LoginFunctionality.LoginWithMultipleSetsofData" name="verifyLoginCredentials" time="2.267"/>
  <testcase classname="LoginFunctionality.LoginWithMultipleSetsofData" name="verifyLoginCredentials" time="1.64"/>
  <testcase classname="LoginFunctionality.LoginWithMultipleSetsofData" name="verifyLoginCredentials" time="1.693"/>
  <testcase classname="LoginFunctionality.LoginWithMultipleSetsofData" name="verifyLoginCredentials" time="6.686"/>
  <testcase classname="LoginFunctionality.LoginWithMultipleSetsofData" name="verifyLoginCredentials" time="1.76"/>
  <testcase classname="LoginFunctionality.LoginWithMultipleSetsofData" name="verifyLoginCredentials" time="1.763"/>
</testsuite> <!-- Default test -->
