<?xml version="1.0" encoding="UTF-8"?>
<!-- Generated by org.testng.reporters.JUnitXMLReporter -->
<testsuite ignored="0" hostname="Suganyas-Mac-mini.local" failures="1" tests="2" name="Test" time="4.215" errors="0" timestamp="2024-07-22T14:17:42 IST">
  <testcase classname="LoginFunctionality.LoginWithMultipleSetsofData" name="verifyLoginCredentials" time="2.322"/>
  <testcase classname="LoginFunctionality.LoginWithMultipleSetsofData" name="verifyLoginCredentials" time="1.86">
    <failure type="java.lang.AssertionError" message="expected [Single Page Apps for GitHub Pages] but found [https://www.saucedemo.com/inventory.html]">
      <![CDATA[java.lang.AssertionError: expected [Single Page Apps for GitHub Pages] but found [https://www.saucedemo.com/inventory.html]
at LoginFunctionality.LoginWithMultipleSetsofData.verifyLoginCredentials(LoginWithMultipleSetsofData.java:58)
at java.base/java.util.ArrayList.forEach(ArrayList.java:1597)
... Removed 31 stack frames]]>
    </failure>
  </testcase> <!-- verifyLoginCredentials -->
</testsuite> <!-- Test -->
