<?xml version="1.0" encoding="UTF-8"?>
<testng-results ignored="0" total="6" passed="6" failed="0" skipped="0">
  <reporter-output>
  </reporter-output>
  <suite started-at="2024-07-22T15:38:13 IST" name="Default suite" finished-at="2024-07-22T15:38:29 IST" duration-ms="15836">
    <groups>
    </groups>
    <test started-at="2024-07-22T15:38:13 IST" name="Default test" finished-at="2024-07-22T15:38:29 IST" duration-ms="15836">
      <class name="LoginFunctionality.LoginWithMultipleSetsofData">
        <test-method signature="verifyLoginCredentials(java.lang.String,java.lang.String,java.lang.String)[pri:0, instance:LoginFunctionality.LoginWithMultipleSetsofData@7bba5817]" started-at="2024-07-22T15:38:13 IST" name="verifyLoginCredentials" data-provider="credentilas" finished-at="2024-07-22T15:38:15 IST" duration-ms="2267" status="PASS">
          <params>
            <param index="0">
              <value>
                <![CDATA[Invalid_UserName]]>
              </value>
            </param>
            <param index="1">
              <value>
                <![CDATA[locked_out_user]]>
              </value>
            </param>
            <param index="2">
              <value>
                <![CDATA[secret_sauce]]>
              </value>
            </param>
          </params>
          <reporter-output>
          </reporter-output>
        </test-method> <!-- verifyLoginCredentials -->
        <test-method signature="verifyLoginCredentials(java.lang.String,java.lang.String,java.lang.String)[pri:0, instance:LoginFunctionality.LoginWithMultipleSetsofData@7bba5817]" started-at="2024-07-22T15:38:15 IST" name="verifyLoginCredentials" data-provider="credentilas" finished-at="2024-07-22T15:38:17 IST" duration-ms="1640" status="PASS">
          <params>
            <param index="0">
              <value>
                <![CDATA[Both_Valid_UserName_Password]]>
              </value>
            </param>
            <param index="1">
              <value>
                <![CDATA[standard_user]]>
              </value>
            </param>
            <param index="2">
              <value>
                <![CDATA[secret_sauce]]>
              </value>
            </param>
          </params>
          <reporter-output>
          </reporter-output>
        </test-method> <!-- verifyLoginCredentials -->
        <test-method signature="verifyLoginCredentials(java.lang.String,java.lang.String,java.lang.String)[pri:0, instance:LoginFunctionality.LoginWithMultipleSetsofData@7bba5817]" started-at="2024-07-22T15:38:17 IST" name="verifyLoginCredentials" data-provider="credentilas" finished-at="2024-07-22T15:38:19 IST" duration-ms="1693" status="PASS">
          <params>
            <param index="0">
              <value>
                <![CDATA[valid_UserName1]]>
              </value>
            </param>
            <param index="1">
              <value>
                <![CDATA[problem_user]]>
              </value>
            </param>
            <param index="2">
              <value>
                <![CDATA[secret_sauce]]>
              </value>
            </param>
          </params>
          <reporter-output>
          </reporter-output>
        </test-method> <!-- verifyLoginCredentials -->
        <test-method signature="verifyLoginCredentials(java.lang.String,java.lang.String,java.lang.String)[pri:0, instance:LoginFunctionality.LoginWithMultipleSetsofData@7bba5817]" started-at="2024-07-22T15:38:19 IST" name="verifyLoginCredentials" data-provider="credentilas" finished-at="2024-07-22T15:38:25 IST" duration-ms="6686" status="PASS">
          <params>
            <param index="0">
              <value>
                <![CDATA[valid_UserName2]]>
              </value>
            </param>
            <param index="1">
              <value>
                <![CDATA[performance_glitch_user]]>
              </value>
            </param>
            <param index="2">
              <value>
                <![CDATA[secret_sauce]]>
              </value>
            </param>
          </params>
          <reporter-output>
          </reporter-output>
        </test-method> <!-- verifyLoginCredentials -->
        <test-method signature="verifyLoginCredentials(java.lang.String,java.lang.String,java.lang.String)[pri:0, instance:LoginFunctionality.LoginWithMultipleSetsofData@7bba5817]" started-at="2024-07-22T15:38:25 IST" name="verifyLoginCredentials" data-provider="credentilas" finished-at="2024-07-22T15:38:27 IST" duration-ms="1760" status="PASS">
          <params>
            <param index="0">
              <value>
                <![CDATA[valid_UserName3]]>
              </value>
            </param>
            <param index="1">
              <value>
                <![CDATA[error_user]]>
              </value>
            </param>
            <param index="2">
              <value>
                <![CDATA[secret_sauce]]>
              </value>
            </param>
          </params>
          <reporter-output>
          </reporter-output>
        </test-method> <!-- verifyLoginCredentials -->
        <test-method signature="verifyLoginCredentials(java.lang.String,java.lang.String,java.lang.String)[pri:0, instance:LoginFunctionality.LoginWithMultipleSetsofData@7bba5817]" started-at="2024-07-22T15:38:27 IST" name="verifyLoginCredentials" data-provider="credentilas" finished-at="2024-07-22T15:38:29 IST" duration-ms="1763" status="PASS">
          <params>
            <param index="0">
              <value>
                <![CDATA[valid_UserName4]]>
              </value>
            </param>
            <param index="1">
              <value>
                <![CDATA[visual_user]]>
              </value>
            </param>
            <param index="2">
              <value>
                <![CDATA[secret_sauce]]>
              </value>
            </param>
          </params>
          <reporter-output>
          </reporter-output>
        </test-method> <!-- verifyLoginCredentials -->
      </class> <!-- LoginFunctionality.LoginWithMultipleSetsofData -->
    </test> <!-- Default test -->
  </suite> <!-- Default suite -->
</testng-results>
